2018-08-01 13:03:12 DEBUG LoggingTool:22 - CREATION SUCCESS
2018-08-01 13:20:34 DEBUG LoggingTool:22 - LOGIN ERROR
2018-08-01 13:21:38 DEBUG LoggingTool:22 - LOGIN ERROR
2018-08-01 13:22:45 DEBUG LoggingTool:22 - LOGIN ERROR
2018-08-01 13:23:42 DEBUG LoggingTool:22 - LOGIN SUCCESS
2018-08-01 13:23:52 DEBUG LoggingTool:22 - LOGIN SUCCESS
2018-08-01 13:39:24 DEBUG LoggingTool:22 - LOGIN SUCCESS
2018-08-01 13:43:55 DEBUG LoggingTool:22 - LOGIN SUCCESS
2018-08-01 13:44:50 DEBUG LoggingTool:22 - LOGIN SUCCESS
2018-08-01 13:45:00 DEBUG LoggingTool:22 - LOGIN SUCCESS
2018-08-01 14:22:43 DEBUG LoggingTool:22 - LOGIN SUCCESS
2018-08-01 14:23:24 DEBUG LoggingTool:22 - LOGIN SUCCESS
2018-08-01 14:30:04 DEBUG LoggingTool:22 - LOGIN SUCCESS
2018-08-01 14:30:10 DEBUG LoggingTool:22 - LOGIN SUCCESS
2018-08-01 14:31:21 DEBUG LoggingTool:22 - LOGIN SUCCESS
2018-08-01 14:32:00 DEBUG LoggingTool:22 - LOGIN SUCCESS
2018-08-01 14:33:40 DEBUG LoggingTool:22 - LOGIN SUCCESS
2018-08-01 14:41:02 DEBUG LoggingTool:22 - LOGIN SUCCESS
2018-08-01 14:41:51 DEBUG LoggingTool:22 - LOGIN SUCCESS
2018-08-01 14:48:38 DEBUG LoggingTool:22 - LOGIN SUCCESS
2018-08-01 14:49:12 DEBUG LoggingTool:22 - LOGIN SUCCESS
2018-08-01 14:50:08 DEBUG LoggingTool:22 - LOGIN SUCCESS
2018-08-01 14:54:49 DEBUG LoggingTool:22 - LOGIN SUCCESS
2018-08-01 14:55:14 DEBUG LoggingTool:22 - LOGIN ERROR
2018-08-01 14:55:18 DEBUG LoggingTool:22 - LOGIN SUCCESS
2018-08-01 15:05:37 DEBUG LoggingTool:22 - LOGIN SUCCESS
2018-08-01 15:07:10 DEBUG LoggingTool:22 - LOGIN SUCCESS
2018-08-01 15:07:37 DEBUG LoggingTool:22 - LOGIN SUCCESS
2018-08-01 15:10:17 DEBUG LoggingTool:22 - LOGIN SUCCESS
2018-08-01 15:11:23 DEBUG LoggingTool:22 - LOGIN SUCCESS
2018-08-01 15:13:16 DEBUG LoggingTool:22 - LOGIN SUCCESS
2018-08-01 15:34:02 DEBUG LoggingTool:22 - LOGIN SUCCESS
2018-08-01 15:36:26 DEBUG LoggingTool:22 - LOGIN SUCCESS
2018-08-01 15:36:43 DEBUG LoggingTool:22 - LOGIN SUCCESS
2018-08-01 15:37:08 DEBUG LoggingTool:22 - LOGIN SUCCESS
2018-08-01 15:37:31 DEBUG LoggingTool:22 - LOGIN SUCCESS
2018-08-01 16:02:46 DEBUG LoggingTool:22 - LOGIN ERROR
2018-08-01 16:02:49 DEBUG LoggingTool:22 - LOGIN SUCCESS
2018-08-01 16:06:01 DEBUG LoggingTool:22 - LOGIN SUCCESS
2018-08-01 16:12:44 DEBUG LoggingTool:22 - LOGIN SUCCESS
2018-08-01 16:19:20 DEBUG LoggingTool:22 - LOGIN SUCCESS
2018-08-01 16:22:53 DEBUG LoggingTool:22 - LOGIN SUCCESS
2018-08-01 16:23:17 DEBUG LoggingTool:22 - LOGIN SUCCESS
2018-08-01 16:25:37 DEBUG LoggingTool:22 - LOGIN SUCCESS
2018-08-01 20:27:56 DEBUG LoggingTool:22 - LOGIN SUCCESS
2018-08-01 20:30:10 DEBUG LoggingTool:22 - LOGIN SUCCESS
2018-08-01 20:36:50 DEBUG LoggingTool:22 - LOGIN SUCCESS
2018-08-01 20:37:01 DEBUG LoggingTool:22 - LOGIN SUCCESS
2018-08-01 20:39:15 DEBUG LoggingTool:22 - LOGIN SUCCESS
2018-08-01 20:40:30 DEBUG LoggingTool:22 - LOGIN SUCCESS
2018-08-01 20:41:55 DEBUG LoggingTool:22 - LOGIN SUCCESS
2018-08-01 20:43:36 DEBUG LoggingTool:22 - LOGIN SUCCESS
2018-08-01 20:52:10 DEBUG LoggingTool:22 - LOGIN SUCCESS
2018-08-01 20:55:32 DEBUG LoggingTool:22 - LOGIN SUCCESS
2018-08-01 20:56:27 DEBUG LoggingTool:22 - LOGIN SUCCESS
2018-08-01 20:58:15 DEBUG LoggingTool:22 - LOGIN SUCCESS
2018-08-02 09:57:26 DEBUG LoggingTool:22 - LOGIN SUCCESS
2018-08-02 09:57:31 DEBUG LoggingTool:22 - LOGIN SUCCESS
2018-08-02 09:57:40 DEBUG LoggingTool:22 - LOGIN SUCCESS
2018-08-02 09:58:12 DEBUG LoggingTool:22 - LOGIN SUCCESS
2018-08-02 10:00:40 DEBUG LoggingTool:22 - LOGIN SUCCESS
2018-08-02 10:00:53 DEBUG LoggingTool:22 - LOGIN SUCCESS
2018-08-02 10:32:43 DEBUG LoggingTool:22 - LOGIN ERROR
2018-08-02 10:42:06 DEBUG LoggingTool:22 - LOGIN ERROR
2018-08-02 10:45:06 DEBUG LoggingTool:22 - LOGIN ERROR
2018-08-02 10:47:40 DEBUG LoggingTool:22 - LOGIN ERROR
2018-08-02 10:49:53 DEBUG LoggingTool:22 - LOGIN ERROR
2018-08-02 10:50:29 DEBUG LoggingTool:22 - LOGIN ERROR
2018-08-02 10:51:26 DEBUG LoggingTool:22 - LOGIN ERROR
2018-08-02 10:53:33 DEBUG LoggingTool:22 - LOGIN ERROR
2018-08-02 11:40:06 DEBUG LoggingTool:22 - LOGIN ERROR
2018-08-02 12:32:25 DEBUG LoggingTool:22 - LOGIN ERROR
2018-08-02 12:33:03 DEBUG LoggingTool:22 - LOGIN SUCCESS
2018-08-02 12:33:42 DEBUG LoggingTool:22 - LOGIN ERROR
2018-08-02 12:34:53 DEBUG LoggingTool:22 - LOGIN SUCCESS
2018-08-02 12:35:02 DEBUG LoggingTool:22 - LOGIN ERROR
2018-08-02 12:40:06 DEBUG LoggingTool:22 - LOGIN SUCCESS
2018-08-02 12:40:14 DEBUG LoggingTool:22 - LOGIN SUCCESS
2018-08-02 12:40:22 DEBUG LoggingTool:22 - LOGIN ERROR
2018-08-02 12:41:57 DEBUG LoggingTool:22 - LOGIN SUCCESS
2018-08-02 12:42:28 DEBUG LoggingTool:22 - LOGIN SUCCESS
2018-08-02 12:42:46 DEBUG LoggingTool:22 - LOGIN SUCCESS
2018-08-02 13:12:52 DEBUG LoggingTool:22 - LOGIN ERROR
2018-08-02 13:13:00 DEBUG LoggingTool:22 - LOGIN SUCCESS
2018-08-02 13:13:08 DEBUG LoggingTool:22 - LOGIN SUCCESS
2018-08-02 13:55:37 DEBUG LoggingTool:22 - LOGIN SUCCESS
2018-08-02 13:59:25 DEBUG LoggingTool:22 - LOGIN SUCCESS
2018-08-02 14:00:21 DEBUG LoggingTool:22 - LOGIN SUCCESS
2018-08-02 14:01:20 DEBUG LoggingTool:22 - LOGIN SUCCESS
2018-08-02 14:06:15 DEBUG LoggingTool:22 - LOGIN SUCCESS
2018-08-02 14:07:10 DEBUG LoggingTool:22 - LOGIN SUCCESS
2018-08-02 14:15:06 DEBUG LoggingTool:22 - LOGIN SUCCESS
2018-08-02 14:32:24 DEBUG LoggingTool:22 - LOGIN SUCCESS
2018-08-02 14:32:59 DEBUG LoggingTool:22 - LOGIN SUCCESS
2018-08-02 14:39:07 DEBUG LoggingTool:22 - LOGIN SUCCESS
2018-08-02 14:39:20 DEBUG LoggingTool:22 - LOGIN SUCCESS
2018-08-02 14:40:46 DEBUG LoggingTool:22 - LOGIN SUCCESS
2018-08-02 14:43:26 DEBUG LoggingTool:22 - LOGIN SUCCESS
2018-08-02 14:44:35 DEBUG LoggingTool:22 - LOGIN SUCCESS
2018-08-02 14:50:09 DEBUG LoggingTool:22 - LOGIN SUCCESS
2018-08-02 14:51:25 DEBUG LoggingTool:22 - LOGIN SUCCESS
2018-08-02 14:53:28 DEBUG LoggingTool:22 - LOGIN SUCCESS
2018-08-02 14:55:46 DEBUG LoggingTool:22 - LOGIN SUCCESS
2018-08-02 14:55:54 DEBUG LoggingTool:22 - LOGIN SUCCESS
2018-08-02 15:06:05 DEBUG LoggingTool:22 - LOGIN SUCCESS
2018-08-02 15:23:38 DEBUG LoggingTool:22 - LOGIN SUCCESS
2018-08-02 23:36:37 DEBUG LoggingTool:22 - LOGIN ERROR
2018-08-02 23:36:37 DEBUG LoggingTool:22 - LOGIN ERROR
2018-08-02 23:40:17 DEBUG LoggingTool:22 - LOGIN ERROR
2018-08-02 23:40:45 DEBUG LoggingTool:22 - LOGIN ERROR
2018-08-02 23:42:55 DEBUG LoggingTool:22 - LOGIN ERROR
2018-08-02 23:45:49 DEBUG LoggingTool:22 - LOGIN ERROR
2018-08-02 23:46:32 DEBUG LoggingTool:22 - LOGIN ERROR
2018-08-02 23:54:04 DEBUG LoggingTool:22 - LOGIN ERROR
2018-08-03 00:10:31 DEBUG LoggingTool:22 - LOGIN ERROR
2018-08-03 00:10:36 DEBUG LoggingTool:22 - LOGIN ERROR
2018-08-03 00:11:10 DEBUG LoggingTool:22 - LOGIN ERROR
2018-08-03 08:38:23 DEBUG LoggingTool:22 - LOGIN ERROR
2018-08-03 08:39:53 DEBUG LoggingTool:22 - LOGIN ERROR
2018-08-03 08:40:32 DEBUG LoggingTool:22 - LOGIN ERROR
2018-08-03 08:44:47 DEBUG LoggingTool:22 - LOGIN ERROR
2018-08-03 08:46:03 DEBUG LoggingTool:22 - LOGIN ERROR
2018-08-03 09:10:56 DEBUG LoggingTool:22 - LOGIN ERROR
2018-08-03 09:29:23 DEBUG LoggingTool:22 - LOGIN SUCCESS
2018-08-03 12:21:52 DEBUG LoggingTool:22 - LOGIN ERROR
2018-08-03 12:22:05 DEBUG LoggingTool:22 - LOGIN ERROR
2018-08-03 12:22:45 DEBUG LoggingTool:22 - LOGIN ERROR
2018-08-03 12:22:49 DEBUG LoggingTool:22 - LOGIN ERROR
2018-08-03 12:24:51 DEBUG LoggingTool:22 - LOGIN ERROR
2018-08-03 12:24:58 DEBUG LoggingTool:22 - LOGIN ERROR
2018-08-03 12:28:05 DEBUG LoggingTool:22 - LOGIN ERROR
2018-08-03 12:29:58 DEBUG LoggingTool:22 - LOGIN ERROR
2018-08-03 12:30:46 DEBUG LoggingTool:22 - LOGIN ERROR
2018-08-03 12:31:20 DEBUG LoggingTool:22 - LOGIN ERROR
2018-08-03 12:31:58 DEBUG LoggingTool:22 - LOGIN ERROR
2018-08-03 12:32:53 DEBUG LoggingTool:22 - LOGIN ERROR
2018-08-03 12:34:00 DEBUG LoggingTool:22 - LOGIN ERROR
2018-08-03 12:34:41 DEBUG LoggingTool:22 - LOGIN SUCCESS
2018-08-03 12:35:49 DEBUG LoggingTool:22 - LOGIN SUCCESS
2018-08-03 14:31:37 DEBUG LoggingTool:22 - LOGIN ERROR
2018-08-03 14:49:57 DEBUG LoggingTool:22 - LOGIN SUCCESS
2018-08-03 15:17:18 DEBUG LoggingTool:22 - LOGIN SUCCESS
2018-08-03 15:37:20 DEBUG LoggingTool:22 - LOGIN SUCCESS
2018-08-03 15:40:15 DEBUG LoggingTool:22 - LOGIN SUCCESS
2018-08-03 15:57:50 DEBUG LoggingTool:22 - LOGIN SUCCESS
2018-08-03 15:58:12 DEBUG LoggingTool:22 - LOGIN SUCCESS
2018-08-04 11:49:06 DEBUG LoggingTool:22 - LOGIN SUCCESS
2018-08-04 11:56:44 DEBUG LoggingTool:22 - LOGIN SUCCESS
2018-08-04 11:57:17 DEBUG LoggingTool:22 - LOGIN SUCCESS
2018-08-04 12:00:45 DEBUG LoggingTool:22 - LOGIN ERROR
2018-08-04 12:00:48 DEBUG LoggingTool:22 - LOGIN SUCCESS
2018-08-04 12:05:25 DEBUG LoggingTool:22 - LOGIN SUCCESS
2018-08-04 12:05:27 DEBUG LoggingTool:22 - VIEW EMPLOYEES SUCCESS
2018-08-04 12:10:25 DEBUG LoggingTool:22 - LOGIN SUCCESS
2018-08-04 12:44:05 DEBUG LoggingTool:22 - LOGIN SUCCESS
2018-08-04 12:44:08 DEBUG LoggingTool:22 - VIEW EMPLOYEES SUCCESS
2018-08-04 12:44:22 DEBUG LoggingTool:22 - LOGIN SUCCESS
2018-08-04 12:44:31 DEBUG LoggingTool:22 - LOGIN ERROR
2018-08-04 12:44:35 DEBUG LoggingTool:22 - LOGIN SUCCESS
2018-08-04 12:44:55 DEBUG LoggingTool:22 - LOGIN SUCCESS
2018-08-04 12:44:58 DEBUG LoggingTool:22 - LOGIN ERROR
2018-08-04 12:59:20 DEBUG LoggingTool:22 - LOGIN ERROR
2018-08-04 12:59:23 DEBUG LoggingTool:22 - LOGIN SUCCESS
2018-08-04 12:59:26 DEBUG LoggingTool:22 - VIEW EMPLOYEES SUCCESS
2018-08-04 13:00:54 DEBUG LoggingTool:22 - LOGIN SUCCESS
2018-08-04 13:01:07 DEBUG LoggingTool:22 - LOGIN SUCCESS
2018-08-04 13:01:09 DEBUG LoggingTool:22 - VIEW EMPLOYEES SUCCESS
2018-08-04 13:04:12 DEBUG LoggingTool:22 - LOGIN SUCCESS
2018-08-04 13:04:16 DEBUG LoggingTool:22 - VIEW EMPLOYEES SUCCESS
2018-08-04 13:04:58 DEBUG LoggingTool:22 - LOGIN SUCCESS
2018-08-04 13:05:02 DEBUG LoggingTool:22 - VIEW EMPLOYEES SUCCESS
2018-08-04 13:16:44 DEBUG LoggingTool:22 - LOGIN SUCCESS
2018-08-04 13:16:46 DEBUG LoggingTool:22 - VIEW EMPLOYEES SUCCESS
2018-08-04 13:17:19 DEBUG LoggingTool:22 - LOGIN SUCCESS
2018-08-04 13:17:22 DEBUG LoggingTool:22 - VIEW EMPLOYEES SUCCESS
2018-08-04 13:56:46 DEBUG LoggingTool:22 - LOGIN SUCCESS
2018-08-04 13:56:49 DEBUG LoggingTool:22 - VIEW EMPLOYEES SUCCESS
2018-08-04 13:56:55 DEBUG LoggingTool:22 - VIEW EMPLOYEES SUCCESS
2018-08-04 13:57:30 DEBUG LoggingTool:22 - LOGIN SUCCESS
2018-08-04 13:57:32 DEBUG LoggingTool:22 - VIEW EMPLOYEES SUCCESS
2018-08-04 13:58:01 DEBUG LoggingTool:22 - VIEW EMPLOYEES SUCCESS
2018-08-04 13:58:41 DEBUG LoggingTool:22 - VIEW EMPLOYEES SUCCESS
2018-08-04 14:11:10 DEBUG LoggingTool:22 - LOGIN SUCCESS
2018-08-04 14:11:12 DEBUG LoggingTool:22 - VIEW EMPLOYEES SUCCESS
2018-08-04 14:11:49 DEBUG LoggingTool:22 - VIEW EMPLOYEES SUCCESS
2018-08-04 14:12:22 DEBUG LoggingTool:22 - VIEW EMPLOYEES SUCCESS
2018-08-04 14:14:05 DEBUG LoggingTool:22 - VIEW EMPLOYEES SUCCESS
2018-08-04 14:15:01 DEBUG LoggingTool:22 - VIEW EMPLOYEES SUCCESS
2018-08-04 14:17:53 DEBUG LoggingTool:22 - VIEW EMPLOYEES SUCCESS
2018-08-04 14:18:25 DEBUG LoggingTool:22 - VIEW EMPLOYEES SUCCESS
2018-08-04 14:18:54 DEBUG LoggingTool:22 - VIEW EMPLOYEES SUCCESS
2018-08-04 14:19:15 DEBUG LoggingTool:22 - VIEW EMPLOYEES SUCCESS
2018-08-04 14:19:33 DEBUG LoggingTool:22 - VIEW EMPLOYEES SUCCESS
2018-08-04 14:19:50 DEBUG LoggingTool:22 - VIEW EMPLOYEES SUCCESS
2018-08-04 14:20:02 DEBUG LoggingTool:22 - LOGIN SUCCESS
2018-08-04 14:20:04 DEBUG LoggingTool:22 - VIEW EMPLOYEES SUCCESS
2018-08-04 14:21:34 DEBUG LoggingTool:22 - VIEW EMPLOYEES SUCCESS
2018-08-04 14:21:53 DEBUG LoggingTool:22 - VIEW EMPLOYEES SUCCESS
2018-08-04 14:28:42 DEBUG LoggingTool:22 - LOGIN SUCCESS
2018-08-04 14:28:45 DEBUG LoggingTool:22 - VIEW EMPLOYEES SUCCESS
2018-08-04 14:30:38 DEBUG LoggingTool:22 - VIEW EMPLOYEES SUCCESS
2018-08-04 14:34:06 DEBUG LoggingTool:22 - LOGIN SUCCESS
2018-08-04 14:34:08 DEBUG LoggingTool:22 - VIEW EMPLOYEES SUCCESS
2018-08-04 15:15:30 DEBUG LoggingTool:22 - LOGIN SUCCESS
2018-08-04 15:15:35 DEBUG LoggingTool:22 - VIEW EMPLOYEES SUCCESS
2018-08-04 15:16:51 DEBUG LoggingTool:22 - VIEW EMPLOYEES SUCCESS
2018-08-04 15:19:43 DEBUG LoggingTool:22 - VIEW EMPLOYEES SUCCESS
2018-08-04 15:19:59 DEBUG LoggingTool:22 - LOGIN SUCCESS
2018-08-04 15:20:02 DEBUG LoggingTool:22 - VIEW EMPLOYEES SUCCESS
2018-08-04 15:20:24 DEBUG LoggingTool:22 - LOGIN SUCCESS
2018-08-04 15:20:27 DEBUG LoggingTool:22 - VIEW EMPLOYEES SUCCESS
2018-08-04 15:31:56 DEBUG LoggingTool:22 - LOGIN SUCCESS
2018-08-04 15:31:57 DEBUG LoggingTool:22 - VIEW EMPLOYEES SUCCESS
2018-08-04 15:42:02 DEBUG LoggingTool:22 - LOGIN SUCCESS
2018-08-04 15:42:04 DEBUG LoggingTool:22 - VIEW EMPLOYEES SUCCESS
2018-08-04 15:42:45 DEBUG LoggingTool:22 - VIEW EMPLOYEES SUCCESS
2018-08-04 15:44:00 DEBUG LoggingTool:22 - LOGIN SUCCESS
2018-08-04 15:44:02 DEBUG LoggingTool:22 - VIEW EMPLOYEES SUCCESS
2018-08-04 15:44:53 DEBUG LoggingTool:22 - LOGIN SUCCESS
2018-08-04 15:44:55 DEBUG LoggingTool:22 - VIEW EMPLOYEES SUCCESS
2018-08-04 15:54:13 DEBUG LoggingTool:22 - LOGIN SUCCESS
2018-08-04 16:06:14 DEBUG LoggingTool:22 - LOGIN SUCCESS
2018-08-04 16:06:16 DEBUG LoggingTool:22 - VIEW EMPLOYEES SUCCESS
2018-08-04 16:19:12 DEBUG LoggingTool:22 - LOGIN SUCCESS
2018-08-04 16:19:14 DEBUG LoggingTool:22 - VIEW EMPLOYEES SUCCESS
2018-08-04 16:43:49 DEBUG LoggingTool:22 - LOGIN SUCCESS
2018-08-04 16:43:51 DEBUG LoggingTool:22 - VIEW EMPLOYEES SUCCESS
2018-08-04 16:44:08 DEBUG LoggingTool:22 - LOGIN SUCCESS
2018-08-04 16:44:49 DEBUG LoggingTool:22 - LOGIN SUCCESS
2018-08-04 16:44:53 DEBUG LoggingTool:22 - LOGIN SUCCESS
2018-08-04 16:47:05 DEBUG LoggingTool:22 - LOGIN SUCCESS
2018-08-04 16:47:10 DEBUG LoggingTool:22 - VIEW EMPLOYEES SUCCESS
2018-08-04 16:47:13 DEBUG LoggingTool:22 - LOGIN SUCCESS
2018-08-04 16:47:21 DEBUG LoggingTool:22 - LOGIN SUCCESS
2018-08-04 16:47:26 DEBUG LoggingTool:22 - LOGIN SUCCESS
2018-08-04 16:48:03 DEBUG LoggingTool:22 - LOGIN SUCCESS
2018-08-04 16:48:05 DEBUG LoggingTool:22 - VIEW EMPLOYEES SUCCESS
2018-08-04 16:53:09 DEBUG LoggingTool:22 - LOGIN SUCCESS
2018-08-04 16:53:11 DEBUG LoggingTool:22 - VIEW EMPLOYEES SUCCESS
2018-08-04 16:54:01 DEBUG LoggingTool:22 - VIEW EMPLOYEES SUCCESS
2018-08-04 16:54:07 DEBUG LoggingTool:22 - LOGIN SUCCESS
2018-08-04 16:54:13 DEBUG LoggingTool:22 - LOGIN SUCCESS
2018-08-04 16:54:15 DEBUG LoggingTool:22 - VIEW EMPLOYEES SUCCESS
2018-08-04 16:55:59 DEBUG LoggingTool:22 - LOGIN SUCCESS
2018-08-04 16:56:01 DEBUG LoggingTool:22 - VIEW EMPLOYEES SUCCESS
2018-08-04 16:59:22 DEBUG LoggingTool:22 - LOGIN SUCCESS
2018-08-04 16:59:38 DEBUG LoggingTool:22 - LOGIN SUCCESS
2018-08-04 16:59:40 DEBUG LoggingTool:22 - VIEW EMPLOYEES SUCCESS
2018-08-04 17:00:23 DEBUG LoggingTool:22 - VIEW EMPLOYEES SUCCESS
2018-08-04 17:00:27 DEBUG LoggingTool:22 - VIEW EMPLOYEES SUCCESS
2018-08-04 17:00:28 DEBUG LoggingTool:22 - VIEW EMPLOYEES SUCCESS
2018-08-04 17:04:52 DEBUG LoggingTool:22 - LOGIN SUCCESS
2018-08-04 17:04:54 DEBUG LoggingTool:22 - VIEW EMPLOYEES SUCCESS
2018-08-04 17:05:12 DEBUG LoggingTool:22 - LOGIN SUCCESS
2018-08-04 17:05:19 DEBUG LoggingTool:22 - LOGIN SUCCESS
2018-08-04 17:05:21 DEBUG LoggingTool:22 - VIEW EMPLOYEES SUCCESS
2018-08-04 17:09:57 DEBUG LoggingTool:22 - LOGIN SUCCESS
2018-08-04 17:21:21 DEBUG LoggingTool:22 - LOGIN SUCCESS
2018-08-04 17:21:23 DEBUG LoggingTool:22 - VIEW EMPLOYEES SUCCESS
2018-08-04 17:21:25 DEBUG LoggingTool:22 - VIEW EMPLOYEES SUCCESS
2018-08-04 22:05:18 DEBUG LoggingTool:22 - LOGIN SUCCESS
2018-08-04 22:05:22 DEBUG LoggingTool:22 - VIEW EMPLOYEES SUCCESS
2018-08-04 22:05:42 DEBUG LoggingTool:22 - LOGIN SUCCESS
2018-08-04 22:07:31 DEBUG LoggingTool:22 - LOGIN SUCCESS
2018-08-04 22:07:41 DEBUG LoggingTool:22 - LOGIN SUCCESS
2018-08-04 22:07:43 DEBUG LoggingTool:22 - VIEW EMPLOYEES SUCCESS
2018-08-04 22:16:55 DEBUG LoggingTool:22 - VIEW EMPLOYEES SUCCESS
2018-08-04 22:17:05 DEBUG LoggingTool:22 - LOGIN SUCCESS
2018-08-04 22:17:07 DEBUG LoggingTool:22 - VIEW EMPLOYEES SUCCESS
2018-08-04 22:18:42 DEBUG LoggingTool:22 - LOGIN SUCCESS
2018-08-04 22:18:44 DEBUG LoggingTool:22 - VIEW EMPLOYEES SUCCESS
2018-08-04 22:18:55 DEBUG LoggingTool:22 - LOGIN SUCCESS
2018-08-04 22:18:57 DEBUG LoggingTool:22 - VIEW EMPLOYEES SUCCESS
2018-08-04 22:21:47 DEBUG LoggingTool:22 - LOGIN SUCCESS
2018-08-04 22:21:50 DEBUG LoggingTool:22 - VIEW EMPLOYEES SUCCESS
2018-08-04 22:36:57 DEBUG LoggingTool:22 - LOGIN SUCCESS
2018-08-04 22:36:59 DEBUG LoggingTool:22 - VIEW EMPLOYEES SUCCESS
2018-08-04 22:37:07 DEBUG LoggingTool:22 - VIEW EMPLOYEES SUCCESS
2018-08-04 22:38:40 DEBUG LoggingTool:22 - LOGIN SUCCESS
2018-08-04 22:38:42 DEBUG LoggingTool:22 - VIEW EMPLOYEES SUCCESS
2018-08-04 22:40:11 DEBUG LoggingTool:22 - LOGIN ERROR
2018-08-04 22:40:14 DEBUG LoggingTool:22 - LOGIN SUCCESS
2018-08-04 22:40:19 DEBUG LoggingTool:22 - VIEW EMPLOYEES SUCCESS
2018-08-05 09:17:23 DEBUG LoggingTool:22 - LOGIN SUCCESS
2018-08-05 09:17:27 DEBUG LoggingTool:22 - VIEW EMPLOYEES SUCCESS
2018-08-05 09:19:33 DEBUG LoggingTool:22 - LOGIN SUCCESS
2018-08-05 09:22:24 DEBUG LoggingTool:22 - LOGIN SUCCESS
2018-08-05 09:22:27 DEBUG LoggingTool:22 - VIEW EMPLOYEES SUCCESS
2018-08-05 09:22:42 DEBUG LoggingTool:22 - VIEW EMPLOYEES SUCCESS
2018-08-05 09:23:21 DEBUG LoggingTool:22 - LOGIN SUCCESS
2018-08-05 09:25:17 DEBUG LoggingTool:22 - LOGIN SUCCESS
2018-08-05 09:28:38 DEBUG LoggingTool:22 - LOGIN SUCCESS
2018-08-05 09:29:27 DEBUG LoggingTool:22 - LOGIN SUCCESS
2018-08-05 09:30:43 DEBUG LoggingTool:22 - LOGIN SUCCESS
2018-08-05 09:32:29 DEBUG LoggingTool:22 - LOGIN SUCCESS
2018-08-05 09:33:59 DEBUG LoggingTool:22 - LOGIN SUCCESS
2018-08-05 09:34:14 DEBUG LoggingTool:22 - LOGIN SUCCESS
2018-08-05 09:34:28 DEBUG LoggingTool:22 - LOGIN SUCCESS
2018-08-05 09:37:19 DEBUG LoggingTool:22 - LOGIN SUCCESS
2018-08-05 09:40:33 DEBUG LoggingTool:22 - LOGIN SUCCESS
2018-08-05 09:42:39 DEBUG LoggingTool:22 - LOGIN SUCCESS
2018-08-05 09:45:30 DEBUG LoggingTool:22 - LOGIN SUCCESS
2018-08-05 09:45:33 DEBUG LoggingTool:22 - VIEW EMPLOYEES SUCCESS
2018-08-05 09:48:31 DEBUG LoggingTool:22 - LOGIN SUCCESS
2018-08-05 09:48:34 DEBUG LoggingTool:22 - VIEW EMPLOYEES SUCCESS
2018-08-05 09:50:57 DEBUG LoggingTool:22 - LOGIN SUCCESS
2018-08-05 09:51:45 DEBUG LoggingTool:22 - LOGIN SUCCESS
2018-08-05 09:51:47 DEBUG LoggingTool:22 - VIEW EMPLOYEES SUCCESS
2018-08-05 09:52:10 DEBUG LoggingTool:22 - LOGIN SUCCESS
2018-08-05 09:53:32 DEBUG LoggingTool:22 - LOGIN SUCCESS
2018-08-05 09:54:58 DEBUG LoggingTool:22 - LOGIN SUCCESS
2018-08-05 09:55:03 DEBUG LoggingTool:22 - VIEW EMPLOYEES SUCCESS
2018-08-05 09:55:11 DEBUG LoggingTool:22 - LOGIN SUCCESS
2018-08-05 10:03:32 DEBUG LoggingTool:22 - LOGIN SUCCESS
2018-08-05 10:04:10 DEBUG LoggingTool:22 - LOGIN SUCCESS
2018-08-05 10:15:04 DEBUG LoggingTool:22 - LOGIN SUCCESS
2018-08-05 10:17:35 DEBUG LoggingTool:22 - LOGIN SUCCESS
2018-08-05 10:18:47 DEBUG LoggingTool:22 - LOGIN SUCCESS
2018-08-05 10:22:37 DEBUG LoggingTool:22 - LOGIN SUCCESS
2018-08-05 10:23:15 DEBUG LoggingTool:22 - LOGIN SUCCESS
2018-08-05 10:24:51 DEBUG LoggingTool:22 - LOGIN SUCCESS
2018-08-05 10:31:47 DEBUG LoggingTool:22 - LOGIN SUCCESS
2018-08-05 10:33:51 DEBUG LoggingTool:22 - LOGIN SUCCESS
2018-08-05 10:34:34 DEBUG LoggingTool:22 - LOGIN SUCCESS
2018-08-05 10:55:36 DEBUG LoggingTool:22 - LOGIN SUCCESS
2018-08-05 10:57:55 DEBUG LoggingTool:22 - LOGIN SUCCESS
2018-08-05 10:58:37 ERROR LoggingTool:14 - UPDATE ERROR
2018-08-05 11:01:14 DEBUG LoggingTool:22 - LOGIN SUCCESS
2018-08-05 11:01:23 DEBUG LoggingTool:22 - LOGIN SUCCESS
2018-08-05 11:01:36 ERROR LoggingTool:14 - UPDATE ERROR
2018-08-05 11:03:51 DEBUG LoggingTool:22 - LOGIN SUCCESS
2018-08-05 11:03:56 DEBUG LoggingTool:22 - LOGIN SUCCESS
2018-08-05 11:04:05 ERROR LoggingTool:14 - UPDATE ERROR
2018-08-05 11:06:06 DEBUG LoggingTool:22 - LOGIN SUCCESS
2018-08-05 11:06:13 DEBUG LoggingTool:22 - LOGIN SUCCESS
2018-08-05 11:06:23 DEBUG LoggingTool:22 - UPDATE SUCCESS
2018-08-05 11:07:03 DEBUG LoggingTool:22 - UPDATE SUCCESS
2018-08-05 11:10:03 DEBUG LoggingTool:22 - LOGIN SUCCESS
2018-08-05 11:10:13 DEBUG LoggingTool:22 - LOGIN ERROR
2018-08-05 11:10:21 DEBUG LoggingTool:22 - LOGIN SUCCESS
2018-08-05 11:10:31 DEBUG LoggingTool:22 - UPDATE SUCCESS
2018-08-05 11:10:45 DEBUG LoggingTool:22 - VIEW EMPLOYEES SUCCESS
2018-08-05 11:23:33 DEBUG LoggingTool:22 - LOGIN SUCCESS
2018-08-05 11:23:35 DEBUG LoggingTool:22 - VIEW EMPLOYEES SUCCESS
2018-08-05 12:56:41 DEBUG LoggingTool:22 - LOGIN SUCCESS
2018-08-05 12:58:38 DEBUG LoggingTool:22 - LOGIN SUCCESS
2018-08-05 12:58:51 DEBUG LoggingTool:22 - LOGIN SUCCESS
2018-08-05 13:10:42 DEBUG LoggingTool:22 - LOGIN SUCCESS
2018-08-05 13:28:09 DEBUG LoggingTool:22 - LOGIN SUCCESS
2018-08-05 13:29:46 DEBUG LoggingTool:22 - LOGIN SUCCESS
2018-08-05 13:29:56 ERROR LoggingTool:14 - REQUEST CREATION ERROR
2018-08-05 13:31:57 DEBUG LoggingTool:22 - LOGIN SUCCESS
2018-08-05 13:32:02 ERROR LoggingTool:14 - REQUEST CREATION ERROR
2018-08-05 13:33:42 DEBUG LoggingTool:22 - LOGIN SUCCESS
2018-08-05 13:33:49 ERROR LoggingTool:14 - REQUEST CREATION ERROR
2018-08-05 13:33:59 ERROR LoggingTool:14 - REQUEST CREATION ERROR
2018-08-05 13:36:25 DEBUG LoggingTool:22 - LOGIN SUCCESS
2018-08-05 13:36:29 ERROR LoggingTool:14 - REQUEST CREATION ERROR
2018-08-05 13:37:37 DEBUG LoggingTool:22 - LOGIN SUCCESS
2018-08-05 13:37:40 ERROR LoggingTool:14 - REQUEST CREATION ERROR
2018-08-05 13:38:58 DEBUG LoggingTool:22 - LOGIN SUCCESS
2018-08-05 13:39:03 ERROR LoggingTool:14 - REQUEST CREATION ERROR
2018-08-05 13:40:20 DEBUG LoggingTool:22 - LOGIN SUCCESS
2018-08-05 13:40:24 ERROR LoggingTool:14 - REQUEST CREATION ERROR
2018-08-05 13:43:08 DEBUG LoggingTool:22 - LOGIN SUCCESS
2018-08-05 13:43:16 ERROR LoggingTool:14 - REQUEST CREATION ERROR
2018-08-05 13:44:42 DEBUG LoggingTool:22 - LOGIN SUCCESS
2018-08-05 13:44:49 ERROR LoggingTool:14 - REQUEST CREATION ERROR
2018-08-05 13:46:03 DEBUG LoggingTool:22 - LOGIN SUCCESS
2018-08-05 13:46:13 DEBUG LoggingTool:22 - REQUEST CREATION SUCCESS
2018-08-05 13:48:56 DEBUG LoggingTool:22 - LOGIN SUCCESS
2018-08-05 13:49:16 DEBUG LoggingTool:22 - REQUEST CREATION SUCCESS
2018-08-05 13:49:29 DEBUG LoggingTool:22 - REQUEST CREATION SUCCESS
2018-08-05 14:18:04 DEBUG LoggingTool:22 - LOGIN SUCCESS
2018-08-05 14:18:07 DEBUG LoggingTool:22 - VIEW EMPLOYEES SUCCESS
2018-08-05 14:51:45 DEBUG LoggingTool:22 - LOGIN SUCCESS
2018-08-05 14:51:47 ERROR LoggingTool:14 - VIEW MY REQUESTS ERROR
2018-08-05 14:52:47 DEBUG LoggingTool:22 - LOGIN SUCCESS
2018-08-05 14:52:49 ERROR LoggingTool:14 - VIEW MY REQUESTS ERROR
2018-08-05 14:54:44 DEBUG LoggingTool:22 - LOGIN SUCCESS
2018-08-05 14:54:46 DEBUG LoggingTool:22 - VIEW MY REQUESTS SUCCESS
2018-08-05 14:55:53 DEBUG LoggingTool:22 - VIEW MY REQUESTS SUCCESS
2018-08-05 14:57:30 DEBUG LoggingTool:22 - LOGIN SUCCESS
2018-08-05 14:57:32 ERROR LoggingTool:14 - VIEW MY REQUESTS ERROR
2018-08-05 14:59:19 DEBUG LoggingTool:22 - LOGIN SUCCESS
2018-08-05 14:59:21 DEBUG LoggingTool:22 - VIEW MY REQUESTS SUCCESS
2018-08-05 15:01:17 DEBUG LoggingTool:22 - LOGIN SUCCESS
2018-08-05 15:01:19 DEBUG LoggingTool:22 - VIEW MY REQUESTS SUCCESS
2018-08-05 15:01:32 DEBUG LoggingTool:22 - LOGIN SUCCESS
2018-08-05 15:01:34 DEBUG LoggingTool:22 - VIEW MY REQUESTS SUCCESS
2018-08-05 15:55:57 DEBUG LoggingTool:22 - LOGIN SUCCESS
2018-08-05 15:55:58 DEBUG LoggingTool:22 - VIEW MY REQUESTS SUCCESS
2018-08-05 15:58:13 DEBUG LoggingTool:22 - LOGIN SUCCESS
2018-08-05 15:58:17 DEBUG LoggingTool:22 - VIEW MY REQUESTS SUCCESS
2018-08-05 16:00:53 DEBUG LoggingTool:22 - LOGIN SUCCESS
2018-08-05 16:00:55 DEBUG LoggingTool:22 - VIEW MY REQUESTS SUCCESS
2018-08-05 16:02:21 DEBUG LoggingTool:22 - LOGIN SUCCESS
2018-08-05 16:02:23 DEBUG LoggingTool:22 - VIEW MY REQUESTS SUCCESS
2018-08-05 16:04:51 DEBUG LoggingTool:22 - LOGIN SUCCESS
2018-08-05 16:04:52 DEBUG LoggingTool:22 - VIEW MY REQUESTS SUCCESS
2018-08-05 16:13:18 DEBUG LoggingTool:22 - LOGIN ERROR
2018-08-05 16:13:19 DEBUG LoggingTool:22 - LOGIN SUCCESS
2018-08-05 16:13:21 DEBUG LoggingTool:22 - VIEW MY REQUESTS SUCCESS
2018-08-05 16:15:51 DEBUG LoggingTool:22 - LOGIN SUCCESS
2018-08-05 16:15:52 DEBUG LoggingTool:22 - VIEW MY REQUESTS SUCCESS
2018-08-05 16:16:11 DEBUG LoggingTool:22 - VIEW MY REQUESTS SUCCESS
2018-08-05 16:16:51 DEBUG LoggingTool:22 - LOGIN ERROR
2018-08-05 16:16:56 DEBUG LoggingTool:22 - LOGIN SUCCESS
2018-08-05 16:16:58 DEBUG LoggingTool:22 - VIEW MY REQUESTS SUCCESS
2018-08-05 16:19:26 DEBUG LoggingTool:22 - LOGIN SUCCESS
2018-08-05 16:19:28 DEBUG LoggingTool:22 - VIEW MY REQUESTS SUCCESS
2018-08-05 16:20:17 DEBUG LoggingTool:22 - LOGIN SUCCESS
2018-08-05 16:20:19 DEBUG LoggingTool:22 - VIEW MY REQUESTS SUCCESS
2018-08-05 16:20:49 DEBUG LoggingTool:22 - LOGIN SUCCESS
2018-08-05 16:20:50 DEBUG LoggingTool:22 - VIEW MY REQUESTS SUCCESS
2018-08-05 16:26:39 DEBUG LoggingTool:22 - LOGIN SUCCESS
2018-08-05 16:26:41 DEBUG LoggingTool:22 - VIEW MY REQUESTS SUCCESS
2018-08-05 16:29:36 DEBUG LoggingTool:22 - LOGIN SUCCESS
2018-08-05 16:29:38 DEBUG LoggingTool:22 - VIEW MY REQUESTS SUCCESS
2018-08-05 16:29:42 DEBUG LoggingTool:22 - LOGIN SUCCESS
2018-08-05 16:29:44 DEBUG LoggingTool:22 - VIEW MY REQUESTS SUCCESS
2018-08-05 16:32:39 DEBUG LoggingTool:22 - LOGIN SUCCESS
2018-08-05 16:32:41 DEBUG LoggingTool:22 - VIEW MY REQUESTS SUCCESS
2018-08-05 16:34:31 DEBUG LoggingTool:22 - LOGIN SUCCESS
2018-08-05 16:34:33 DEBUG LoggingTool:22 - VIEW MY REQUESTS SUCCESS
2018-08-05 16:35:01 DEBUG LoggingTool:22 - LOGIN SUCCESS
2018-08-05 16:35:03 DEBUG LoggingTool:22 - VIEW MY REQUESTS SUCCESS
2018-08-05 16:37:27 DEBUG LoggingTool:22 - LOGIN SUCCESS
2018-08-05 16:37:29 DEBUG LoggingTool:22 - VIEW MY REQUESTS SUCCESS
2018-08-05 16:47:24 DEBUG LoggingTool:22 - LOGIN SUCCESS
2018-08-05 16:47:26 DEBUG LoggingTool:22 - VIEW MY REQUESTS SUCCESS
2018-08-05 16:48:25 DEBUG LoggingTool:22 - LOGIN SUCCESS
2018-08-05 16:48:27 DEBUG LoggingTool:22 - VIEW MY REQUESTS SUCCESS
2018-08-05 16:49:10 DEBUG LoggingTool:22 - LOGIN SUCCESS
2018-08-05 16:49:11 DEBUG LoggingTool:22 - VIEW MY REQUESTS SUCCESS
2018-08-05 16:53:06 DEBUG LoggingTool:22 - LOGIN SUCCESS
2018-08-05 16:53:08 DEBUG LoggingTool:22 - VIEW MY REQUESTS SUCCESS
2018-08-05 16:53:37 DEBUG LoggingTool:22 - LOGIN SUCCESS
2018-08-05 16:53:38 DEBUG LoggingTool:22 - VIEW MY REQUESTS SUCCESS
2018-08-05 16:54:37 DEBUG LoggingTool:22 - LOGIN SUCCESS
2018-08-05 16:54:39 DEBUG LoggingTool:22 - VIEW MY REQUESTS SUCCESS
2018-08-05 16:55:16 DEBUG LoggingTool:22 - LOGIN SUCCESS
2018-08-05 16:55:18 DEBUG LoggingTool:22 - VIEW MY REQUESTS SUCCESS
2018-08-05 16:57:07 DEBUG LoggingTool:22 - LOGIN SUCCESS
2018-08-05 16:57:09 DEBUG LoggingTool:22 - VIEW MY REQUESTS SUCCESS
2018-08-05 16:59:58 DEBUG LoggingTool:22 - LOGIN SUCCESS
2018-08-05 17:00:00 DEBUG LoggingTool:22 - VIEW MY REQUESTS SUCCESS
2018-08-05 17:01:33 DEBUG LoggingTool:22 - LOGIN SUCCESS
2018-08-05 17:01:35 DEBUG LoggingTool:22 - VIEW MY REQUESTS SUCCESS
2018-08-05 17:02:23 DEBUG LoggingTool:22 - LOGIN SUCCESS
2018-08-05 17:02:25 DEBUG LoggingTool:22 - VIEW MY REQUESTS SUCCESS
2018-08-05 17:04:21 DEBUG LoggingTool:22 - LOGIN SUCCESS
2018-08-05 17:04:23 DEBUG LoggingTool:22 - VIEW MY REQUESTS SUCCESS
2018-08-05 17:06:50 DEBUG LoggingTool:22 - LOGIN SUCCESS
2018-08-05 17:06:52 DEBUG LoggingTool:22 - VIEW MY REQUESTS SUCCESS
2018-08-05 17:08:39 DEBUG LoggingTool:22 - LOGIN SUCCESS
2018-08-05 17:08:40 DEBUG LoggingTool:22 - VIEW MY REQUESTS SUCCESS
2018-08-05 17:13:01 DEBUG LoggingTool:22 - LOGIN SUCCESS
2018-08-05 17:13:04 DEBUG LoggingTool:22 - VIEW MY REQUESTS SUCCESS
2018-08-05 17:13:21 DEBUG LoggingTool:22 - REQUEST CREATION SUCCESS
2018-08-05 17:13:26 DEBUG LoggingTool:22 - VIEW MY REQUESTS SUCCESS
2018-08-05 17:13:42 DEBUG LoggingTool:22 - VIEW EMPLOYEES SUCCESS
2018-08-05 17:17:54 DEBUG LoggingTool:22 - LOGIN SUCCESS
2018-08-05 17:17:58 DEBUG LoggingTool:22 - LOGIN SUCCESS
2018-08-05 17:18:00 DEBUG LoggingTool:22 - VIEW MY REQUESTS SUCCESS
2018-08-05 17:42:58 DEBUG LoggingTool:22 - LOGIN SUCCESS
2018-08-05 17:43:00 DEBUG LoggingTool:22 - VIEW MY REQUESTS SUCCESS
2018-08-05 17:43:06 DEBUG LoggingTool:22 - LOGIN SUCCESS
2018-08-05 17:43:08 DEBUG LoggingTool:22 - VIEW MY REQUESTS SUCCESS
2018-08-05 17:44:33 DEBUG LoggingTool:22 - LOGIN SUCCESS
2018-08-05 17:44:35 DEBUG LoggingTool:22 - VIEW MY REQUESTS SUCCESS
2018-08-05 17:45:44 DEBUG LoggingTool:22 - LOGIN SUCCESS
2018-08-05 17:45:46 DEBUG LoggingTool:22 - VIEW MY REQUESTS SUCCESS
2018-08-05 17:46:38 DEBUG LoggingTool:22 - LOGIN SUCCESS
2018-08-05 17:46:40 DEBUG LoggingTool:22 - VIEW MY REQUESTS SUCCESS
2018-08-05 17:48:47 DEBUG LoggingTool:22 - LOGIN SUCCESS
2018-08-05 17:48:49 ERROR LoggingTool:14 - VIEW MY REQUESTS ERROR
2018-08-05 17:49:42 DEBUG LoggingTool:22 - LOGIN SUCCESS
2018-08-05 17:49:45 DEBUG LoggingTool:22 - VIEW MY REQUESTS SUCCESS
2018-08-05 19:02:52 DEBUG LoggingTool:22 - LOGIN SUCCESS
2018-08-05 19:03:23 DEBUG LoggingTool:22 - VIEW MY REQUESTS SUCCESS
2018-08-05 19:03:31 DEBUG LoggingTool:22 - LOGIN SUCCESS
2018-08-05 19:03:33 DEBUG LoggingTool:22 - VIEW MY REQUESTS SUCCESS
2018-08-05 19:04:38 DEBUG LoggingTool:22 - LOGIN SUCCESS
2018-08-05 19:04:39 DEBUG LoggingTool:22 - VIEW MY REQUESTS SUCCESS
2018-08-05 19:08:06 DEBUG LoggingTool:22 - LOGIN SUCCESS
2018-08-05 19:08:08 DEBUG LoggingTool:22 - VIEW MY REQUESTS SUCCESS
2018-08-05 19:09:46 DEBUG LoggingTool:22 - LOGIN SUCCESS
2018-08-05 19:09:47 DEBUG LoggingTool:22 - VIEW MY REQUESTS SUCCESS
2018-08-05 19:10:31 DEBUG LoggingTool:22 - LOGIN SUCCESS
2018-08-05 19:10:33 DEBUG LoggingTool:22 - VIEW MY REQUESTS SUCCESS
2018-08-05 19:12:03 DEBUG LoggingTool:22 - LOGIN SUCCESS
2018-08-05 19:12:05 DEBUG LoggingTool:22 - VIEW MY REQUESTS SUCCESS
2018-08-05 19:13:28 DEBUG LoggingTool:22 - LOGIN SUCCESS
2018-08-05 19:13:29 DEBUG LoggingTool:22 - VIEW MY REQUESTS SUCCESS
2018-08-05 19:15:10 DEBUG LoggingTool:22 - LOGIN SUCCESS
2018-08-05 19:15:12 DEBUG LoggingTool:22 - VIEW MY REQUESTS SUCCESS
2018-08-05 19:18:25 DEBUG LoggingTool:22 - LOGIN SUCCESS
2018-08-05 19:18:27 DEBUG LoggingTool:22 - VIEW MY REQUESTS SUCCESS
2018-08-05 19:22:26 DEBUG LoggingTool:22 - LOGIN SUCCESS
2018-08-05 19:22:28 DEBUG LoggingTool:22 - VIEW MY REQUESTS SUCCESS
2018-08-05 19:26:46 DEBUG LoggingTool:22 - LOGIN SUCCESS
2018-08-05 19:26:47 DEBUG LoggingTool:22 - VIEW MY REQUESTS SUCCESS
2018-08-05 19:30:42 DEBUG LoggingTool:22 - LOGIN SUCCESS
2018-08-05 19:30:44 DEBUG LoggingTool:22 - VIEW MY REQUESTS SUCCESS
2018-08-05 19:31:40 DEBUG LoggingTool:22 - LOGIN SUCCESS
2018-08-05 19:31:41 DEBUG LoggingTool:22 - VIEW MY REQUESTS SUCCESS
2018-08-05 19:31:54 DEBUG LoggingTool:22 - VIEW MY REQUESTS SUCCESS
2018-08-05 19:36:18 DEBUG LoggingTool:22 - LOGIN SUCCESS
2018-08-05 19:36:20 DEBUG LoggingTool:22 - VIEW MY REQUESTS SUCCESS
2018-08-05 19:56:15 DEBUG LoggingTool:22 - LOGIN SUCCESS
2018-08-05 19:56:17 DEBUG LoggingTool:22 - VIEW MY REQUESTS SUCCESS
2018-08-05 20:10:15 DEBUG LoggingTool:22 - LOGIN SUCCESS
2018-08-05 20:10:17 DEBUG LoggingTool:22 - VIEW MY REQUESTS SUCCESS
2018-08-05 20:16:13 DEBUG LoggingTool:22 - LOGIN SUCCESS
2018-08-05 20:16:16 DEBUG LoggingTool:22 - VIEW MY REQUESTS SUCCESS
2018-08-05 20:19:42 DEBUG LoggingTool:22 - LOGIN SUCCESS
2018-08-05 20:19:44 DEBUG LoggingTool:22 - VIEW MY REQUESTS SUCCESS
2018-08-05 20:21:02 DEBUG LoggingTool:22 - LOGIN SUCCESS
2018-08-05 20:21:03 DEBUG LoggingTool:22 - VIEW MY REQUESTS SUCCESS
2018-08-05 20:23:09 DEBUG LoggingTool:22 - LOGIN SUCCESS
2018-08-05 20:23:11 DEBUG LoggingTool:22 - VIEW MY REQUESTS SUCCESS
2018-08-05 20:24:18 DEBUG LoggingTool:22 - LOGIN SUCCESS
2018-08-05 20:24:20 DEBUG LoggingTool:22 - VIEW MY REQUESTS SUCCESS
2018-08-05 20:27:37 DEBUG LoggingTool:22 - LOGIN SUCCESS
2018-08-05 20:27:38 DEBUG LoggingTool:22 - VIEW MY REQUESTS SUCCESS
2018-08-05 20:29:21 DEBUG LoggingTool:22 - LOGIN SUCCESS
2018-08-05 20:29:23 DEBUG LoggingTool:22 - VIEW MY REQUESTS SUCCESS
2018-08-05 20:29:26 ERROR LoggingTool:14 - REQUEST APPROVAL ERROR
2018-08-05 20:32:38 DEBUG LoggingTool:22 - LOGIN SUCCESS
2018-08-05 20:32:40 DEBUG LoggingTool:22 - VIEW MY REQUESTS SUCCESS
2018-08-05 20:32:42 ERROR LoggingTool:14 - REQUEST APPROVAL ERROR
2018-08-05 20:33:32 ERROR LoggingTool:14 - REQUEST APPROVAL ERROR
2018-08-05 20:39:06 DEBUG LoggingTool:22 - LOGIN SUCCESS
2018-08-05 20:39:12 DEBUG LoggingTool:22 - VIEW MY REQUESTS SUCCESS
2018-08-05 20:39:17 DEBUG LoggingTool:22 - REQUEST APPROVAL SUCCESS
2018-08-05 20:39:30 DEBUG LoggingTool:22 - VIEW MY REQUESTS SUCCESS
2018-08-05 20:40:59 DEBUG LoggingTool:22 - LOGIN SUCCESS
2018-08-05 20:41:02 DEBUG LoggingTool:22 - VIEW MY REQUESTS SUCCESS
2018-08-05 20:41:04 DEBUG LoggingTool:22 - REQUEST APPROVAL SUCCESS
2018-08-05 20:41:09 DEBUG LoggingTool:22 - REQUEST APPROVAL SUCCESS
2018-08-05 20:41:11 DEBUG LoggingTool:22 - VIEW MY REQUESTS SUCCESS
2018-08-05 20:42:01 DEBUG LoggingTool:22 - VIEW MY REQUESTS SUCCESS
2018-08-05 20:42:04 DEBUG LoggingTool:22 - VIEW EMPLOYEES SUCCESS
2018-08-05 20:45:07 DEBUG LoggingTool:22 - LOGIN SUCCESS
2018-08-05 20:45:10 DEBUG LoggingTool:22 - VIEW MY REQUESTS SUCCESS
2018-08-05 20:45:12 DEBUG LoggingTool:22 - REQUEST APPROVAL SUCCESS
2018-08-05 20:45:13 DEBUG LoggingTool:22 - VIEW MY REQUESTS SUCCESS
2018-08-05 20:55:36 DEBUG LoggingTool:22 - LOGIN SUCCESS
2018-08-05 20:55:40 DEBUG LoggingTool:22 - VIEW EMPLOYEES SUCCESS
2018-08-05 20:55:41 DEBUG LoggingTool:22 - VIEW MY REQUESTS SUCCESS
2018-08-05 20:55:46 DEBUG LoggingTool:22 - VIEW MY REQUESTS SUCCESS
2018-08-05 20:55:47 DEBUG LoggingTool:22 - VIEW MY REQUESTS SUCCESS
2018-08-05 20:55:48 DEBUG LoggingTool:22 - VIEW MY REQUESTS SUCCESS
2018-08-05 20:55:49 DEBUG LoggingTool:22 - VIEW MY REQUESTS SUCCESS
2018-08-05 20:55:50 DEBUG LoggingTool:22 - VIEW MY REQUESTS SUCCESS
2018-08-05 20:55:50 DEBUG LoggingTool:22 - VIEW MY REQUESTS SUCCESS
2018-08-05 20:57:19 DEBUG LoggingTool:22 - LOGIN SUCCESS
2018-08-05 20:57:22 DEBUG LoggingTool:22 - VIEW EMPLOYEES SUCCESS
2018-08-05 20:57:23 DEBUG LoggingTool:22 - VIEW MY REQUESTS SUCCESS
2018-08-05 20:58:10 DEBUG LoggingTool:22 - VIEW MY REQUESTS SUCCESS
2018-08-05 20:58:59 DEBUG LoggingTool:22 - LOGIN SUCCESS
2018-08-05 20:59:01 DEBUG LoggingTool:22 - VIEW EMPLOYEES SUCCESS
2018-08-05 20:59:02 DEBUG LoggingTool:22 - VIEW MY REQUESTS SUCCESS
2018-08-05 21:00:35 DEBUG LoggingTool:22 - LOGIN SUCCESS
2018-08-05 21:00:37 DEBUG LoggingTool:22 - VIEW EMPLOYEES SUCCESS
2018-08-05 21:00:38 DEBUG LoggingTool:22 - VIEW MY REQUESTS SUCCESS
2018-08-05 21:00:52 DEBUG LoggingTool:22 - VIEW MY REQUESTS SUCCESS
2018-08-05 21:00:57 DEBUG LoggingTool:22 - VIEW MY REQUESTS SUCCESS
2018-08-05 21:01:00 DEBUG LoggingTool:22 - VIEW MY REQUESTS SUCCESS
2018-08-05 21:01:01 DEBUG LoggingTool:22 - VIEW MY REQUESTS SUCCESS
2018-08-05 21:01:12 DEBUG LoggingTool:22 - VIEW MY REQUESTS SUCCESS
2018-08-05 21:01:14 DEBUG LoggingTool:22 - VIEW MY REQUESTS SUCCESS
2018-08-05 21:01:14 DEBUG LoggingTool:22 - VIEW MY REQUESTS SUCCESS
2018-08-05 21:09:29 DEBUG LoggingTool:22 - LOGIN SUCCESS
2018-08-05 21:09:31 DEBUG LoggingTool:22 - VIEW EMPLOYEES SUCCESS
2018-08-05 21:09:33 DEBUG LoggingTool:22 - VIEW THEIR REQUESTS SUCCESS
2018-08-05 21:09:37 DEBUG LoggingTool:22 - VIEW THEIR REQUESTS SUCCESS
2018-08-05 21:09:41 DEBUG LoggingTool:22 - VIEW THEIR REQUESTS SUCCESS
2018-08-05 21:09:45 DEBUG LoggingTool:22 - VIEW THEIR REQUESTS SUCCESS
2018-08-05 21:09:47 DEBUG LoggingTool:22 - VIEW THEIR REQUESTS SUCCESS
2018-08-05 21:09:49 DEBUG LoggingTool:22 - VIEW THEIR REQUESTS SUCCESS
2018-08-05 21:10:29 DEBUG LoggingTool:22 - LOGIN SUCCESS
2018-08-05 21:10:31 DEBUG LoggingTool:22 - VIEW EMPLOYEES SUCCESS
2018-08-05 21:10:36 DEBUG LoggingTool:22 - VIEW THEIR REQUESTS SUCCESS
2018-08-05 21:10:41 DEBUG LoggingTool:22 - VIEW THEIR REQUESTS SUCCESS
2018-08-05 21:12:29 DEBUG LoggingTool:22 - LOGIN SUCCESS
2018-08-05 21:12:32 DEBUG LoggingTool:22 - VIEW EMPLOYEES SUCCESS
2018-08-05 21:12:37 DEBUG LoggingTool:22 - VIEW THEIR REQUESTS SUCCESS
2018-08-05 21:12:40 DEBUG LoggingTool:22 - VIEW THEIR REQUESTS SUCCESS
2018-08-05 21:12:42 DEBUG LoggingTool:22 - VIEW THEIR REQUESTS SUCCESS
2018-08-05 21:12:43 DEBUG LoggingTool:22 - VIEW THEIR REQUESTS SUCCESS
2018-08-05 21:12:48 DEBUG LoggingTool:22 - VIEW EMPLOYEES SUCCESS
2018-08-05 21:13:00 DEBUG LoggingTool:22 - LOGIN SUCCESS
2018-08-05 21:13:12 DEBUG LoggingTool:22 - VIEW MY REQUESTS SUCCESS
2018-08-05 21:13:18 DEBUG LoggingTool:22 - VIEW MY REQUESTS SUCCESS
2018-08-05 21:13:29 DEBUG LoggingTool:22 - LOGIN SUCCESS
2018-08-05 21:13:31 DEBUG LoggingTool:22 - VIEW MY REQUESTS SUCCESS
2018-08-05 21:52:07 DEBUG LoggingTool:22 - LOGIN ERROR
2018-08-05 21:52:08 DEBUG LoggingTool:22 - LOGIN ERROR
2018-08-05 21:52:23 DEBUG LoggingTool:22 - LOGIN ERROR
2018-08-05 21:52:45 DEBUG LoggingTool:22 - LOGIN SUCCESS
2018-08-05 21:52:47 DEBUG LoggingTool:22 - VIEW MY REQUESTS SUCCESS
2018-08-05 21:53:12 DEBUG LoggingTool:22 - REQUEST CREATION SUCCESS
2018-08-05 21:53:16 DEBUG LoggingTool:22 - VIEW MY REQUESTS SUCCESS
2018-08-05 21:59:10 DEBUG LoggingTool:22 - LOGIN SUCCESS
2018-08-05 21:59:12 DEBUG LoggingTool:22 - VIEW MY REQUESTS SUCCESS
2018-08-05 21:59:18 DEBUG LoggingTool:22 - LOGIN SUCCESS
2018-08-05 21:59:21 DEBUG LoggingTool:22 - VIEW MY REQUESTS SUCCESS
2018-08-05 21:59:24 DEBUG LoggingTool:22 - REQUEST APPROVAL SUCCESS
2018-08-05 21:59:34 DEBUG LoggingTool:22 - VIEW MY REQUESTS SUCCESS
2018-08-05 22:02:01 DEBUG LoggingTool:22 - LOGIN SUCCESS
2018-08-05 22:02:03 DEBUG LoggingTool:22 - VIEW MY REQUESTS SUCCESS
2018-08-05 22:02:20 DEBUG LoggingTool:22 - REQUEST CREATION SUCCESS
2018-08-05 22:02:24 DEBUG LoggingTool:22 - VIEW MY REQUESTS SUCCESS
2018-08-05 22:02:37 DEBUG LoggingTool:22 - LOGIN SUCCESS
2018-08-05 22:02:40 DEBUG LoggingTool:22 - VIEW MY REQUESTS SUCCESS
2018-08-05 22:02:47 DEBUG LoggingTool:22 - REQUEST APPROVAL SUCCESS
2018-08-05 22:02:50 DEBUG LoggingTool:22 - VIEW MY REQUESTS SUCCESS
2018-08-05 22:03:38 DEBUG LoggingTool:22 - LOGIN SUCCESS
2018-08-05 22:03:40 DEBUG LoggingTool:22 - VIEW MY REQUESTS SUCCESS
2018-08-05 22:03:59 DEBUG LoggingTool:22 - REQUEST CREATION SUCCESS
2018-08-05 22:04:03 DEBUG LoggingTool:22 - VIEW MY REQUESTS SUCCESS
2018-08-05 22:04:08 DEBUG LoggingTool:22 - LOGIN SUCCESS
2018-08-05 22:04:11 DEBUG LoggingTool:22 - VIEW MY REQUESTS SUCCESS
2018-08-05 22:04:18 DEBUG LoggingTool:22 - REQUEST APPROVAL SUCCESS
2018-08-05 22:04:56 DEBUG LoggingTool:22 - LOGIN SUCCESS
2018-08-05 22:05:15 DEBUG LoggingTool:22 - REQUEST CREATION SUCCESS
2018-08-05 22:05:20 DEBUG LoggingTool:22 - VIEW MY REQUESTS SUCCESS
2018-08-05 22:05:32 DEBUG LoggingTool:22 - LOGIN SUCCESS
2018-08-05 22:05:38 DEBUG LoggingTool:22 - VIEW MY REQUESTS SUCCESS
2018-08-05 22:05:48 DEBUG LoggingTool:22 - REQUEST APPROVAL SUCCESS
2018-08-05 22:07:52 DEBUG LoggingTool:22 - LOGIN SUCCESS
2018-08-05 22:07:54 DEBUG LoggingTool:22 - VIEW MY REQUESTS SUCCESS
2018-08-05 22:08:06 DEBUG LoggingTool:22 - REQUEST CREATION SUCCESS
2018-08-05 22:08:12 DEBUG LoggingTool:22 - LOGIN SUCCESS
2018-08-05 22:08:14 DEBUG LoggingTool:22 - VIEW MY REQUESTS SUCCESS
2018-08-05 22:08:21 DEBUG LoggingTool:22 - REQUEST APPROVAL SUCCESS
2018-08-05 22:08:25 DEBUG LoggingTool:22 - VIEW MY REQUESTS SUCCESS
2018-08-05 22:08:45 DEBUG LoggingTool:22 - VIEW EMPLOYEES SUCCESS
2018-08-05 22:08:48 DEBUG LoggingTool:22 - VIEW THEIR REQUESTS SUCCESS
2018-08-06 00:24:42 DEBUG LoggingTool:22 - LOGIN ERROR
2018-08-06 00:24:49 DEBUG LoggingTool:22 - LOGIN SUCCESS
2018-08-06 00:26:31 DEBUG LoggingTool:22 - LOGIN ERROR
2018-08-06 00:26:37 DEBUG LoggingTool:22 - LOGIN SUCCESS
2018-08-06 00:26:40 DEBUG LoggingTool:22 - VIEW MY REQUESTS SUCCESS
2018-08-06 00:35:13 DEBUG LoggingTool:22 - LOGIN SUCCESS
2018-08-06 00:38:53 DEBUG LoggingTool:22 - LOGIN SUCCESS
2018-08-06 00:40:20 DEBUG LoggingTool:22 - LOGIN SUCCESS
2018-08-06 00:41:36 DEBUG LoggingTool:22 - LOGIN SUCCESS
2018-08-06 00:47:04 DEBUG LoggingTool:22 - LOGIN SUCCESS
2018-08-06 00:51:01 DEBUG LoggingTool:22 - LOGIN SUCCESS
2018-08-06 00:51:41 DEBUG LoggingTool:22 - VIEW EMPLOYEES SUCCESS
2018-08-06 00:52:36 DEBUG LoggingTool:22 - VIEW MY REQUESTS SUCCESS
2018-08-06 00:52:42 DEBUG LoggingTool:22 - VIEW MY REQUESTS SUCCESS
2018-08-06 00:57:46 DEBUG LoggingTool:22 - LOGIN SUCCESS
2018-08-06 00:57:57 DEBUG LoggingTool:22 - REQUEST CREATION SUCCESS
2018-08-06 00:58:02 DEBUG LoggingTool:22 - VIEW MY REQUESTS SUCCESS
2018-08-06 00:58:16 DEBUG LoggingTool:22 - UPDATE SUCCESS
2018-08-06 00:58:24 DEBUG LoggingTool:22 - LOGIN SUCCESS
2018-08-06 00:58:34 DEBUG LoggingTool:22 - UPDATE SUCCESS
2018-08-06 00:58:50 DEBUG LoggingTool:22 - UPDATE SUCCESS
2018-08-06 00:58:55 DEBUG LoggingTool:22 - VIEW MY REQUESTS SUCCESS
2018-08-06 00:59:13 DEBUG LoggingTool:22 - LOGIN SUCCESS
2018-08-06 00:59:18 DEBUG LoggingTool:22 - VIEW MY REQUESTS SUCCESS
2018-08-06 00:59:21 DEBUG LoggingTool:22 - REQUEST APPROVAL SUCCESS
2018-08-06 00:59:24 DEBUG LoggingTool:22 - VIEW MY REQUESTS SUCCESS
2018-08-06 01:07:58 DEBUG LoggingTool:22 - LOGIN SUCCESS
2018-08-06 01:08:02 DEBUG LoggingTool:22 - VIEW EMPLOYEES SUCCESS
2018-08-06 01:08:03 DEBUG LoggingTool:22 - VIEW THEIR REQUESTS SUCCESS
2018-08-06 01:08:53 DEBUG LoggingTool:22 - LOGIN SUCCESS
2018-08-06 01:08:57 DEBUG LoggingTool:22 - VIEW EMPLOYEES SUCCESS
2018-08-06 01:08:58 DEBUG LoggingTool:22 - VIEW THEIR REQUESTS SUCCESS
2018-08-06 01:09:03 DEBUG LoggingTool:22 - VIEW THEIR REQUESTS SUCCESS
2018-08-06 01:09:25 DEBUG LoggingTool:22 - LOGIN SUCCESS
2018-08-06 01:09:28 DEBUG LoggingTool:22 - VIEW EMPLOYEES SUCCESS
2018-08-06 01:09:29 DEBUG LoggingTool:22 - VIEW THEIR REQUESTS SUCCESS
2018-08-06 01:09:43 DEBUG LoggingTool:22 - LOGIN SUCCESS
2018-08-06 01:09:48 DEBUG LoggingTool:22 - UPDATE SUCCESS
2018-08-06 01:10:37 DEBUG LoggingTool:22 - LOGIN SUCCESS
2018-08-06 01:10:40 DEBUG LoggingTool:22 - VIEW EMPLOYEES SUCCESS
2018-08-06 01:10:56 DEBUG LoggingTool:22 - VIEW EMPLOYEES SUCCESS
2018-08-06 01:12:44 DEBUG LoggingTool:22 - LOGIN SUCCESS
2018-08-06 01:12:47 DEBUG LoggingTool:22 - VIEW EMPLOYEES SUCCESS
2018-08-06 01:12:52 DEBUG LoggingTool:22 - VIEW THEIR REQUESTS SUCCESS
2018-08-06 01:13:00 DEBUG LoggingTool:22 - LOGIN SUCCESS
2018-08-06 01:13:12 DEBUG LoggingTool:22 - LOGIN ERROR
2018-08-06 01:15:32 DEBUG LoggingTool:22 - LOGIN SUCCESS
2018-08-06 01:15:36 DEBUG LoggingTool:22 - VIEW EMPLOYEES SUCCESS
2018-08-06 01:15:38 DEBUG LoggingTool:22 - VIEW THEIR REQUESTS SUCCESS
2018-08-06 01:16:14 DEBUG LoggingTool:22 - LOGIN SUCCESS
2018-08-06 01:16:18 DEBUG LoggingTool:22 - LOGIN SUCCESS
2018-08-06 01:17:49 DEBUG LoggingTool:22 - VIEW EMPLOYEES SUCCESS
2018-08-06 01:18:21 DEBUG LoggingTool:22 - VIEW THEIR REQUESTS SUCCESS
2018-08-06 01:20:23 DEBUG LoggingTool:22 - LOGIN SUCCESS
2018-08-06 01:20:26 DEBUG LoggingTool:22 - VIEW EMPLOYEES SUCCESS
2018-08-06 01:20:27 DEBUG LoggingTool:22 - VIEW THEIR REQUESTS SUCCESS
2018-08-06 01:20:28 DEBUG LoggingTool:22 - VIEW THEIR REQUESTS SUCCESS
2018-08-06 01:20:35 DEBUG LoggingTool:22 - LOGIN SUCCESS
2018-08-06 01:23:07 DEBUG LoggingTool:22 - LOGIN SUCCESS
2018-08-06 01:23:17 DEBUG LoggingTool:22 - LOGIN SUCCESS
2018-08-06 01:24:39 DEBUG LoggingTool:22 - LOGIN SUCCESS
2018-08-06 01:25:23 DEBUG LoggingTool:22 - LOGIN SUCCESS
2018-08-06 01:25:30 DEBUG LoggingTool:22 - LOGIN SUCCESS
2018-08-06 01:25:34 DEBUG LoggingTool:22 - LOGIN SUCCESS
2018-08-06 01:25:40 DEBUG LoggingTool:22 - LOGIN SUCCESS
2018-08-06 01:25:44 DEBUG LoggingTool:22 - LOGIN SUCCESS
2018-08-06 01:25:53 DEBUG LoggingTool:22 - LOGIN SUCCESS
2018-08-06 01:25:59 DEBUG LoggingTool:22 - LOGIN SUCCESS
2018-08-06 01:28:37 DEBUG LoggingTool:22 - LOGIN SUCCESS
2018-08-06 01:28:39 DEBUG LoggingTool:22 - VIEW EMPLOYEES SUCCESS
2018-08-06 01:28:41 DEBUG LoggingTool:22 - VIEW THEIR REQUESTS SUCCESS
2018-08-06 01:28:43 DEBUG LoggingTool:22 - VIEW THEIR REQUESTS SUCCESS
2018-08-06 01:28:50 DEBUG LoggingTool:22 - VIEW THEIR REQUESTS SUCCESS
2018-08-06 01:30:08 DEBUG LoggingTool:22 - VIEW THEIR REQUESTS SUCCESS
2018-08-06 01:32:34 DEBUG LoggingTool:22 - LOGIN SUCCESS
2018-08-06 01:32:37 DEBUG LoggingTool:22 - VIEW EMPLOYEES SUCCESS
2018-08-06 01:32:38 DEBUG LoggingTool:22 - VIEW THEIR REQUESTS SUCCESS
2018-08-06 01:32:41 DEBUG LoggingTool:22 - VIEW THEIR REQUESTS SUCCESS
2018-08-06 01:34:46 DEBUG LoggingTool:22 - LOGIN SUCCESS
2018-08-06 01:34:50 DEBUG LoggingTool:22 - VIEW EMPLOYEES SUCCESS
2018-08-06 01:34:52 DEBUG LoggingTool:22 - VIEW THEIR REQUESTS SUCCESS
2018-08-06 01:34:53 DEBUG LoggingTool:22 - VIEW THEIR REQUESTS SUCCESS
2018-08-06 01:34:54 DEBUG LoggingTool:22 - VIEW THEIR REQUESTS SUCCESS
2018-08-06 01:35:31 DEBUG LoggingTool:22 - LOGIN SUCCESS
2018-08-06 01:35:34 DEBUG LoggingTool:22 - VIEW EMPLOYEES SUCCESS
2018-08-06 01:35:36 DEBUG LoggingTool:22 - VIEW THEIR REQUESTS SUCCESS
2018-08-06 01:35:41 DEBUG LoggingTool:22 - VIEW THEIR REQUESTS SUCCESS
2018-08-06 01:36:32 DEBUG LoggingTool:22 - LOGIN SUCCESS
2018-08-06 01:36:34 DEBUG LoggingTool:22 - VIEW EMPLOYEES SUCCESS
2018-08-06 01:36:35 DEBUG LoggingTool:22 - VIEW THEIR REQUESTS SUCCESS
2018-08-06 01:37:41 DEBUG LoggingTool:22 - LOGIN SUCCESS
2018-08-06 01:37:44 DEBUG LoggingTool:22 - VIEW EMPLOYEES SUCCESS
2018-08-06 01:37:45 DEBUG LoggingTool:22 - VIEW THEIR REQUESTS SUCCESS
2018-08-06 01:37:55 DEBUG LoggingTool:22 - LOGIN SUCCESS
2018-08-06 01:38:20 DEBUG LoggingTool:22 - REQUEST CREATION SUCCESS
2018-08-06 01:38:28 DEBUG LoggingTool:22 - VIEW MY REQUESTS SUCCESS
2018-08-06 01:38:45 DEBUG LoggingTool:22 - LOGIN SUCCESS
2018-08-06 01:38:47 DEBUG LoggingTool:22 - VIEW EMPLOYEES SUCCESS
2018-08-06 01:38:51 DEBUG LoggingTool:22 - VIEW THEIR REQUESTS SUCCESS
2018-08-06 01:39:10 DEBUG LoggingTool:22 - LOGIN ERROR
2018-08-06 01:39:15 DEBUG LoggingTool:22 - LOGIN SUCCESS
2018-08-06 01:39:26 DEBUG LoggingTool:22 - LOGIN SUCCESS
2018-08-06 01:39:45 DEBUG LoggingTool:22 - LOGIN SUCCESS
2018-08-06 01:40:16 DEBUG LoggingTool:22 - LOGIN SUCCESS
2018-08-06 01:40:20 DEBUG LoggingTool:22 - LOGIN SUCCESS
2018-08-06 01:40:32 DEBUG LoggingTool:22 - LOGIN SUCCESS
2018-08-06 01:40:40 DEBUG LoggingTool:22 - LOGIN SUCCESS
2018-08-06 01:40:44 DEBUG LoggingTool:22 - LOGIN SUCCESS
2018-08-06 01:40:55 DEBUG LoggingTool:22 - LOGIN ERROR
2018-08-06 01:41:09 DEBUG LoggingTool:22 - LOGIN SUCCESS
2018-08-06 01:41:19 DEBUG LoggingTool:22 - LOGIN ERROR
2018-08-06 01:41:33 DEBUG LoggingTool:22 - LOGIN SUCCESS
